<?xml version="1.0" encoding="UTF-8"?>
<!-- Generated by org.testng.reporters.JUnitReportReporter -->
<testsuite hostname="DESKTOP-AOG0LO8" failures="0" tests="1" name="org.doximotest.FaceBook" time="7.323" errors="0" timestamp="22 Dec 2023 08:48:19 GMT" skipped="0">
  <testcase classname="org.doximotest.FaceBook" name="tc1" time="7.323"/>
</testsuite> <!-- org.doximotest.FaceBook -->
