<?xml version="1.0" encoding="UTF-8"?>
<!-- Generated by org.testng.reporters.JUnitReportReporter -->
<testsuite hostname="DESKTOP-AOG0LO8" failures="0" tests="2" name="org.doximotest.DataPro" time="7.666" errors="0" timestamp="15 Dec 2023 14:00:20 GMT" skipped="1">
  <testcase classname="org.doximotest.DataPro" name="tc1" time="7.666"/>
  <testcase classname="org.doximotest.DataPro" name="tc2" time="0.000">
    <skipped/>
  </testcase> <!-- tc2 -->
</testsuite> <!-- org.doximotest.DataPro -->
