<?xml version="1.0" encoding="UTF-8"?>
<!-- Generated by org.testng.reporters.JUnitReportReporter -->
<testsuite hostname="DESKTOP-AOG0LO8" failures="0" tests="3" name="org.doximotest.Asser2" time="0.170" errors="0" timestamp="12 Dec 2023 14:43:48 GMT" skipped="0">
  <testcase classname="org.doximotest.Asser2" name="tc5" time="0.063"/>
  <testcase classname="org.doximotest.Asser2" name="tc4" time="0.063"/>
  <testcase classname="org.doximotest.Asser2" name="tc6" time="0.044"/>
</testsuite> <!-- org.doximotest.Asser2 -->
