<?xml version="1.0" encoding="UTF-8"?>
<!-- Generated by org.testng.reporters.JUnitReportReporter -->
<testsuite hostname="DESKTOP-AOG0LO8" failures="0" tests="1" name="org.doximotest.ProV" time="0.000" errors="0" timestamp="15 Dec 2023 14:00:20 GMT" skipped="1">
  <testcase classname="org.doximotest.ProV" name="tc1" time="0.000">
    <skipped/>
  </testcase> <!-- tc1 -->
</testsuite> <!-- org.doximotest.ProV -->
