<?xml version="1.0" encoding="UTF-8"?>
<!-- Generated by org.testng.reporters.JUnitReportReporter -->
<testsuite hostname="DESKTOP-AOG0LO8" failures="0" tests="3" name="org.doximotest.Asser3" time="0.194" errors="0" timestamp="12 Dec 2023 14:43:48 GMT" skipped="0">
  <testcase classname="org.doximotest.Asser3" name="tc9" time="0.065"/>
  <testcase classname="org.doximotest.Asser3" name="tc8" time="0.064"/>
  <testcase classname="org.doximotest.Asser3" name="tc7" time="0.065"/>
</testsuite> <!-- org.doximotest.Asser3 -->
