<?xml version="1.0" encoding="UTF-8"?>
<!-- Generated by org.testng.reporters.JUnitReportReporter -->
<testsuite hostname="DESKTOP-AOG0LO8" failures="0" tests="3" name="org.doximotest.SampleTest" time="0.020" errors="0" timestamp="12 Dec 2023 14:16:42 GMT" skipped="0">
  <testcase classname="org.doximotest.SampleTest" name="test1" time="0.004"/>
  <testcase classname="org.doximotest.SampleTest" name="test2" time="0.013"/>
  <testcase classname="org.doximotest.SampleTest" name="test3" time="0.003"/>
</testsuite> <!-- org.doximotest.SampleTest -->
