<?xml version="1.0" encoding="UTF-8"?>
<!-- Generated by org.testng.reporters.JUnitReportReporter -->
<testsuite hostname="DESKTOP-AOG0LO8" failures="0" tests="3" name="org.doximotest.Asser1" time="0.193" errors="0" timestamp="12 Dec 2023 14:43:48 GMT" skipped="0">
  <testcase classname="org.doximotest.Asser1" name="tc2" time="0.064"/>
  <testcase classname="org.doximotest.Asser1" name="tc1" time="0.065"/>
  <testcase classname="org.doximotest.Asser1" name="tc3" time="0.064"/>
</testsuite> <!-- org.doximotest.Asser1 -->
